[debug] [2022-01-21T17:46:03.831Z] ----------------------------------------------------------------------
[debug] [2022-01-21T17:46:03.836Z] Command:       C:\Program Files (x86)\nodejs\node.exe C:\Users\HASTI\AppData\Roaming\npm\node_modules\firebase-tools\lib\bin\firebase.js emulators:start
[debug] [2022-01-21T17:46:03.837Z] CLI Version:   10.1.2
[debug] [2022-01-21T17:46:03.838Z] Platform:      win32
[debug] [2022-01-21T17:46:03.838Z] Node Version:  v14.17.0
[debug] [2022-01-21T17:46:03.841Z] Time:          Fri Jan 21 2022 23:16:03 GMT+0530 (India Standard Time)
[debug] [2022-01-21T17:46:03.842Z] ----------------------------------------------------------------------
[debug] 
[debug] [2022-01-21T17:46:03.876Z] >>> [apiv2][query] GET https://firebase-public.firebaseio.com/cli.json [none]
[debug] [2022-01-21T17:46:04.127Z] > command requires scopes: ["email","openid","https://www.googleapis.com/auth/cloudplatformprojects.readonly","https://www.googleapis.com/auth/firebase","https://www.googleapis.com/auth/cloud-platform"]
[debug] [2022-01-21T17:46:04.127Z] > authorizing via signed-in user (hastisutaria.ict19@gmail.com)
[info] i  emulators: Starting emulators: functions, hosting {"metadata":{"emulator":{"name":"hub"},"message":"Starting emulators: functions, hosting"}}
[warn] !  emulators: It seems that you are running multiple instances of the emulator suite for project theshopppingstop. This may result in unexpected behavior. 
[debug] [2022-01-21T17:46:04.157Z] [hub] writing locator at C:\Users\HASTI\AppData\Local\Temp\hub-theshopppingstop.json
[warn] !  functions: The following emulators are not running, calls to these services from the Functions emulator will affect production: auth, firestore, database, pubsub, storage {"metadata":{"emulator":{"name":"functions"},"message":"The following emulators are not running, calls to these services from the Functions emulator will affect production: \u001b[1mauth, firestore, database, pubsub, storage\u001b[22m"}}
[warn] !  Your requested "node" version "16" doesn't match your global version "14" {"metadata":{"emulator":{"name":"functions"},"message":"Your requested \"node\" version \"16\" doesn't match your global version \"14\""}}
[debug] [2022-01-21T17:46:15.305Z] defaultcredentials: writing to file C:\Users\HASTI\AppData\Roaming\firebase\hastisutaria_ict19_gmail.com_application_default_credentials.json
[debug] [2022-01-21T17:46:15.307Z] Setting GAC to C:\Users\HASTI\AppData\Roaming\firebase\hastisutaria_ict19_gmail.com_application_default_credentials.json {"metadata":{"emulator":{"name":"functions"},"message":"Setting GAC to C:\\Users\\HASTI\\AppData\\Roaming\\firebase\\hastisutaria_ict19_gmail.com_application_default_credentials.json"}}
[debug] [2022-01-21T17:46:15.309Z] > refreshing access token with scopes: []
[debug] [2022-01-21T17:46:15.309Z] >>> HTTP REQUEST POST https://www.googleapis.com/oauth2/v3/token  
 <request body omitted>
[debug] [2022-01-21T17:46:19.778Z] <<< HTTP RESPONSE 200 {"expires":"Mon, 01 Jan 1990 00:00:00 GMT","date":"Fri, 21 Jan 2022 17:46:20 GMT","cache-control":"no-cache, no-store, max-age=0, must-revalidate","pragma":"no-cache","content-type":"application/json; charset=utf-8","vary":"X-Origin, Referer, Origin,Accept-Encoding","server":"scaffolding on HTTPServer2","x-xss-protection":"0","x-frame-options":"SAMEORIGIN","x-content-type-options":"nosniff","alt-svc":"h3=\":443\"; ma=2592000,h3-29=\":443\"; ma=2592000,h3-Q050=\":443\"; ma=2592000,h3-Q046=\":443\"; ma=2592000,h3-Q043=\":443\"; ma=2592000,quic=\":443\"; ma=2592000; v=\"46,43\"","accept-ranges":"none","transfer-encoding":"chunked"}
[debug] [2022-01-21T17:46:19.909Z] >>> [apiv2][query] GET https://firebase.googleapis.com/v1beta1/projects/theshopppingstop/adminSdkConfig [none]
[debug] [2022-01-21T17:46:20.632Z] <<< [apiv2][status] GET https://firebase.googleapis.com/v1beta1/projects/theshopppingstop/adminSdkConfig 200
[debug] [2022-01-21T17:46:20.633Z] <<< [apiv2][body] GET https://firebase.googleapis.com/v1beta1/projects/theshopppingstop/adminSdkConfig {"projectId":"theshopppingstop","storageBucket":"theshopppingstop.appspot.com","locationId":"asia-southeast1"}
[debug] [2022-01-21T17:46:20.775Z] >>> [apiv2][query] GET https://firebasehosting.googleapis.com/v1beta1/projects/theshopppingstop/sites 
[debug] [2022-01-21T17:46:22.656Z] <<< [apiv2][status] GET https://firebasehosting.googleapis.com/v1beta1/projects/theshopppingstop/sites 200
[debug] [2022-01-21T17:46:22.657Z] <<< [apiv2][body] GET https://firebasehosting.googleapis.com/v1beta1/projects/theshopppingstop/sites {"sites":[{"name":"projects/666971771125/sites/theshopppingstop","defaultUrl":"https://theshopppingstop.web.app","type":"DEFAULT_SITE"}]}
[debug] [2022-01-21T17:46:22.657Z] >>> [apiv2][query] GET https://firebase.googleapis.com/v1beta1/projects/theshopppingstop/webApps/-/config [none]
[debug] [2022-01-21T17:46:24.032Z] <<< [apiv2][status] GET https://firebase.googleapis.com/v1beta1/projects/theshopppingstop/webApps/-/config 200
[debug] [2022-01-21T17:46:24.032Z] <<< [apiv2][body] GET https://firebase.googleapis.com/v1beta1/projects/theshopppingstop/webApps/-/config {"projectId":"theshopppingstop","appId":"1:666971771125:web:aaf575ffcabfd0505d75bc","storageBucket":"theshopppingstop.appspot.com","locationId":"asia-southeast1","apiKey":"AIzaSyA72Ow49yByAou8_2lB6Wl6_kX2doddDfw","authDomain":"theshopppingstop.firebaseapp.com","messagingSenderId":"666971771125","measurementId":"G-NM27KXBPVP"}
[info] i  hosting: Serving hosting files from: build {"metadata":{"emulator":{"name":"hosting"},"message":"Serving hosting files from: \u001b[1mbuild\u001b[22m"}}
[info] +  hosting: Local server: http://localhost:5000 {"metadata":{"emulator":{"name":"hosting"},"message":"Local server: \u001b[4m\u001b[1mhttp://localhost:5000\u001b[22m\u001b[24m"}}
[warn] !  ui: Emulator UI unable to start on port 4000, starting on 4005 instead. {"metadata":{"emulator":{"name":"ui"},"message":"Emulator UI unable to start on port 4000, starting on 4005 instead."}}
[debug] [2022-01-21T17:46:24.567Z] Ignoring unsupported arg: auto_download {"metadata":{"emulator":{"name":"ui"},"message":"Ignoring unsupported arg: auto_download"}}
[debug] [2022-01-21T17:46:24.567Z] Ignoring unsupported arg: port {"metadata":{"emulator":{"name":"ui"},"message":"Ignoring unsupported arg: port"}}
[debug] [2022-01-21T17:46:24.568Z] Starting Emulator UI with command {"binary":"node","args":["C:\\Users\\HASTI\\.cache\\firebase\\emulators\\ui-v1.6.4\\server.bundle.js"],"optionalArgs":[],"joinArgs":false} {"metadata":{"emulator":{"name":"ui"},"message":"Starting Emulator UI with command {\"binary\":\"node\",\"args\":[\"C:\\\\Users\\\\HASTI\\\\.cache\\\\firebase\\\\emulators\\\\ui-v1.6.4\\\\server.bundle.js\"],\"optionalArgs\":[],\"joinArgs\":false}"}}
[info] i  ui: Emulator UI logging to ui-debug.log {"metadata":{"emulator":{"name":"ui"},"message":"Emulator UI logging to \u001b[1mui-debug.log\u001b[22m"}}
[debug] [2022-01-21T17:46:25.096Z] Web / API server started at localhost:4005
 {"metadata":{"emulator":{"name":"ui"},"message":"Web / API server started at localhost:4005\n"}}
[info] i  functions: Watching "D:\capstone\shopping-stop\functions" for Cloud Functions... {"metadata":{"emulator":{"name":"functions"},"message":"Watching \"D:\\capstone\\shopping-stop\\functions\" for Cloud Functions..."}}
[debug] [2022-01-21T17:46:25.134Z] [worker-pool] addWorker(~diagnostic~) {"metadata":{"emulator":{"name":"functions"},"message":"[worker-pool] addWorker(~diagnostic~)"}}
[debug] [2022-01-21T17:46:25.134Z] [worker-pool] Adding worker with key ~diagnostic~, total=1 {"metadata":{"emulator":{"name":"functions"},"message":"[worker-pool] Adding worker with key ~diagnostic~, total=1"}}
[debug] [2022-01-21T17:46:25.134Z] [worker-pool] submitWork(triggerId=) {"metadata":{"emulator":{"name":"functions"},"message":"[worker-pool] submitWork(triggerId=)"}}
[debug] [2022-01-21T17:46:25.135Z] [worker-~diagnostic~-5e2bffc0-dfb9-4bfe-86f3-6e922b3cb060]: Assigning socketPath: \\?\pipe\D:\capstone\shopping-stop\functions\7656 {"metadata":{"emulator":{"name":"functions"},"message":"[worker-~diagnostic~-5e2bffc0-dfb9-4bfe-86f3-6e922b3cb060]: Assigning socketPath: \\\\?\\pipe\\D:\\capstone\\shopping-stop\\functions\\7656"}}
[debug] [2022-01-21T17:46:25.135Z] [worker-~diagnostic~-5e2bffc0-dfb9-4bfe-86f3-6e922b3cb060]: BUSY {"metadata":{"emulator":{"name":"functions"},"message":"[worker-~diagnostic~-5e2bffc0-dfb9-4bfe-86f3-6e922b3cb060]: BUSY"}}
[debug] [2022-01-21T17:46:25.341Z] [runtime-status] [7656] Functions runtime initialized. {"cwd":"D:\\capstone\\shopping-stop\\functions","node_version":"14.17.0"} {"metadata":{"emulator":{"name":"functions"},"message":"[runtime-status] [7656] Functions runtime initialized. {\"cwd\":\"D:\\\\capstone\\\\shopping-stop\\\\functions\",\"node_version\":\"14.17.0\"}"}}
[debug] [2022-01-21T17:46:25.342Z] [runtime-status] [7656] Disabled runtime features: undefined {"metadata":{"emulator":{"name":"functions"},"message":"[runtime-status] [7656] Disabled runtime features: undefined"}}
[debug] [2022-01-21T17:46:25.345Z] [runtime-status] [7656] Resolved module firebase-admin {"declared":true,"installed":true,"version":"9.12.0","resolution":"D:\\capstone\\shopping-stop\\functions\\node_modules\\firebase-admin\\lib\\index.js"} {"metadata":{"emulator":{"name":"functions"},"message":"[runtime-status] [7656] Resolved module firebase-admin {\"declared\":true,\"installed\":true,\"version\":\"9.12.0\",\"resolution\":\"D:\\\\capstone\\\\shopping-stop\\\\functions\\\\node_modules\\\\firebase-admin\\\\lib\\\\index.js\"}"}}
[debug] [2022-01-21T17:46:25.348Z] [runtime-status] [7656] Resolved module firebase-functions {"declared":true,"installed":true,"version":"3.16.0","resolution":"D:\\capstone\\shopping-stop\\functions\\node_modules\\firebase-functions\\lib\\index.js"} {"metadata":{"emulator":{"name":"functions"},"message":"[runtime-status] [7656] Resolved module firebase-functions {\"declared\":true,\"installed\":true,\"version\":\"3.16.0\",\"resolution\":\"D:\\\\capstone\\\\shopping-stop\\\\functions\\\\node_modules\\\\firebase-functions\\\\lib\\\\index.js\"}"}}
[debug] [2022-01-21T17:46:25.349Z] [runtime-status] [7656] Outgoing network have been stubbed. [{"name":"http","status":"mocked"},{"name":"http","status":"mocked"},{"name":"https","status":"mocked"},{"name":"https","status":"mocked"},{"name":"net","status":"mocked"}] {"metadata":{"emulator":{"name":"functions"},"message":"[runtime-status] [7656] Outgoing network have been stubbed. [{\"name\":\"http\",\"status\":\"mocked\"},{\"name\":\"http\",\"status\":\"mocked\"},{\"name\":\"https\",\"status\":\"mocked\"},{\"name\":\"https\",\"status\":\"mocked\"},{\"name\":\"net\",\"status\":\"mocked\"}]"}}
[debug] [2022-01-21T17:46:25.351Z] [runtime-status] [7656] Resolved module firebase-functions {"declared":true,"installed":true,"version":"3.16.0","resolution":"D:\\capstone\\shopping-stop\\functions\\node_modules\\firebase-functions\\lib\\index.js"} {"metadata":{"emulator":{"name":"functions"},"message":"[runtime-status] [7656] Resolved module firebase-functions {\"declared\":true,\"installed\":true,\"version\":\"3.16.0\",\"resolution\":\"D:\\\\capstone\\\\shopping-stop\\\\functions\\\\node_modules\\\\firebase-functions\\\\lib\\\\index.js\"}"}}
[debug] [2022-01-21T17:46:25.398Z] [runtime-status] [7656] Checked functions.config() {"config":{}} {"metadata":{"emulator":{"name":"functions"},"message":"[runtime-status] [7656] Checked functions.config() {\"config\":{}}"}}
[debug] [2022-01-21T17:46:25.398Z] [runtime-status] [7656] firebase-functions has been stubbed. {"functionsResolution":{"declared":true,"installed":true,"version":"3.16.0","resolution":"D:\\capstone\\shopping-stop\\functions\\node_modules\\firebase-functions\\lib\\index.js"}} {"metadata":{"emulator":{"name":"functions"},"message":"[runtime-status] [7656] firebase-functions has been stubbed. {\"functionsResolution\":{\"declared\":true,\"installed\":true,\"version\":\"3.16.0\",\"resolution\":\"D:\\\\capstone\\\\shopping-stop\\\\functions\\\\node_modules\\\\firebase-functions\\\\lib\\\\index.js\"}}"}}
[debug] [2022-01-21T17:46:25.399Z] [runtime-status] [7656] Resolved module firebase-functions {"declared":true,"installed":true,"version":"3.16.0","resolution":"D:\\capstone\\shopping-stop\\functions\\node_modules\\firebase-functions\\lib\\index.js"} {"metadata":{"emulator":{"name":"functions"},"message":"[runtime-status] [7656] Resolved module firebase-functions {\"declared\":true,\"installed\":true,\"version\":\"3.16.0\",\"resolution\":\"D:\\\\capstone\\\\shopping-stop\\\\functions\\\\node_modules\\\\firebase-functions\\\\lib\\\\index.js\"}"}}
[debug] [2022-01-21T17:46:25.400Z] [runtime-status] [7656] Resolved module firebase-admin {"declared":true,"installed":true,"version":"9.12.0","resolution":"D:\\capstone\\shopping-stop\\functions\\node_modules\\firebase-admin\\lib\\index.js"} {"metadata":{"emulator":{"name":"functions"},"message":"[runtime-status] [7656] Resolved module firebase-admin {\"declared\":true,\"installed\":true,\"version\":\"9.12.0\",\"resolution\":\"D:\\\\capstone\\\\shopping-stop\\\\functions\\\\node_modules\\\\firebase-admin\\\\lib\\\\index.js\"}"}}
[debug] [2022-01-21T17:46:25.401Z] [runtime-status] [7656] Resolved module firebase-functions {"declared":true,"installed":true,"version":"3.16.0","resolution":"D:\\capstone\\shopping-stop\\functions\\node_modules\\firebase-functions\\lib\\index.js"} {"metadata":{"emulator":{"name":"functions"},"message":"[runtime-status] [7656] Resolved module firebase-functions {\"declared\":true,\"installed\":true,\"version\":\"3.16.0\",\"resolution\":\"D:\\\\capstone\\\\shopping-stop\\\\functions\\\\node_modules\\\\firebase-functions\\\\lib\\\\index.js\"}"}}
[debug] [2022-01-21T17:46:25.402Z] [runtime-status] [7656] firebase-admin has been stubbed. {"adminResolution":{"declared":true,"installed":true,"version":"9.12.0","resolution":"D:\\capstone\\shopping-stop\\functions\\node_modules\\firebase-admin\\lib\\index.js"}} {"metadata":{"emulator":{"name":"functions"},"message":"[runtime-status] [7656] firebase-admin has been stubbed. {\"adminResolution\":{\"declared\":true,\"installed\":true,\"version\":\"9.12.0\",\"resolution\":\"D:\\\\capstone\\\\shopping-stop\\\\functions\\\\node_modules\\\\firebase-admin\\\\lib\\\\index.js\"}}"}}
[info] +  functions[us-central1-api]: http function initialized (http://localhost:5001/theshopppingstop/us-central1/api). {"metadata":{"emulator":{"name":"functions"},"message":"\u001b[1mhttp\u001b[22m function initialized (http://localhost:5001/theshopppingstop/us-central1/api)."}}
[info] 
┌─────────────────────────────────────────────────────────────┐
│ ✔  All emulators ready! It is now safe to connect your app. │
│ i  View Emulator UI at http://localhost:4005                │
└─────────────────────────────────────────────────────────────┘

┌───────────┬────────────────┬─────────────────────────────────┐
│ Emulator  │ Host:Port      │ View in Emulator UI             │
├───────────┼────────────────┼─────────────────────────────────┤
│ Functions │ localhost:5001 │ http://localhost:4005/functions │
├───────────┼────────────────┼─────────────────────────────────┤
│ Hosting   │ localhost:5000 │ n/a                             │
└───────────┴────────────────┴─────────────────────────────────┘
  Emulator Hub running at localhost:4400
  Other reserved ports: 4500

Issues? Report them at https://github.com/firebase/firebase-tools/issues and attach the *-debug.log files.
 
[debug] [2022-01-21T17:46:25.579Z] [worker-~diagnostic~-5e2bffc0-dfb9-4bfe-86f3-6e922b3cb060]: IDLE {"metadata":{"emulator":{"name":"functions"},"message":"[worker-~diagnostic~-5e2bffc0-dfb9-4bfe-86f3-6e922b3cb060]: IDLE"}}
[debug] [2022-01-21T17:49:04.491Z] [work-queue] {"queueLength":1,"workRunningCount":0}
[debug] [2022-01-21T17:49:04.492Z] [work-queue] {"queueLength":0,"workRunningCount":1}
[debug] [2022-01-21T17:49:04.492Z] Accepted request POST /theshopppingstop/us-central1/api/payments/create?total=169700 --> us-central1-api
[debug] [2022-01-21T17:49:04.503Z] [worker-pool] addWorker(us-central1-api) {"metadata":{"emulator":{"name":"functions"},"message":"[worker-pool] addWorker(us-central1-api)"}}
[debug] [2022-01-21T17:49:04.503Z] [worker-pool] Adding worker with key us-central1-api, total=1 {"metadata":{"emulator":{"name":"functions"},"message":"[worker-pool] Adding worker with key us-central1-api, total=1"}}
[debug] [2022-01-21T17:49:04.503Z] [worker-pool] submitWork(triggerId=us-central1-api) {"metadata":{"emulator":{"name":"functions"},"message":"[worker-pool] submitWork(triggerId=us-central1-api)"}}
[debug] [2022-01-21T17:49:04.504Z] [worker-us-central1-api-c2415ac2-44da-4881-bf98-5a93103d72b5]: Assigning socketPath: \\?\pipe\D:\capstone\shopping-stop\functions\28248 {"metadata":{"emulator":{"name":"functions"},"message":"[worker-us-central1-api-c2415ac2-44da-4881-bf98-5a93103d72b5]: Assigning socketPath: \\\\?\\pipe\\D:\\capstone\\shopping-stop\\functions\\28248"}}
[debug] [2022-01-21T17:49:04.504Z] [worker-us-central1-api-c2415ac2-44da-4881-bf98-5a93103d72b5]: BUSY {"metadata":{"emulator":{"name":"functions"},"message":"[worker-us-central1-api-c2415ac2-44da-4881-bf98-5a93103d72b5]: BUSY"}}
[debug] [2022-01-21T17:49:04.775Z] [runtime-status] [28248] Functions runtime initialized. {"cwd":"D:\\capstone\\shopping-stop\\functions","node_version":"14.17.0"} {"metadata":{"emulator":{"name":"functions"},"function":{"name":"us-central1-api"},"message":"[runtime-status] [28248] Functions runtime initialized. {\"cwd\":\"D:\\\\capstone\\\\shopping-stop\\\\functions\",\"node_version\":\"14.17.0\"}"}}
[debug] [2022-01-21T17:49:04.776Z] [runtime-status] [28248] Disabled runtime features: undefined {"metadata":{"emulator":{"name":"functions"},"function":{"name":"us-central1-api"},"message":"[runtime-status] [28248] Disabled runtime features: undefined"}}
[debug] [2022-01-21T17:49:04.780Z] [runtime-status] [28248] Resolved module firebase-admin {"declared":true,"installed":true,"version":"9.12.0","resolution":"D:\\capstone\\shopping-stop\\functions\\node_modules\\firebase-admin\\lib\\index.js"} {"metadata":{"emulator":{"name":"functions"},"function":{"name":"us-central1-api"},"message":"[runtime-status] [28248] Resolved module firebase-admin {\"declared\":true,\"installed\":true,\"version\":\"9.12.0\",\"resolution\":\"D:\\\\capstone\\\\shopping-stop\\\\functions\\\\node_modules\\\\firebase-admin\\\\lib\\\\index.js\"}"}}
[debug] [2022-01-21T17:49:04.783Z] [runtime-status] [28248] Resolved module firebase-functions {"declared":true,"installed":true,"version":"3.16.0","resolution":"D:\\capstone\\shopping-stop\\functions\\node_modules\\firebase-functions\\lib\\index.js"} {"metadata":{"emulator":{"name":"functions"},"function":{"name":"us-central1-api"},"message":"[runtime-status] [28248] Resolved module firebase-functions {\"declared\":true,\"installed\":true,\"version\":\"3.16.0\",\"resolution\":\"D:\\\\capstone\\\\shopping-stop\\\\functions\\\\node_modules\\\\firebase-functions\\\\lib\\\\index.js\"}"}}
[debug] [2022-01-21T17:49:04.785Z] [runtime-status] [28248] Outgoing network have been stubbed. [{"name":"http","status":"mocked"},{"name":"http","status":"mocked"},{"name":"https","status":"mocked"},{"name":"https","status":"mocked"},{"name":"net","status":"mocked"}] {"metadata":{"emulator":{"name":"functions"},"function":{"name":"us-central1-api"},"message":"[runtime-status] [28248] Outgoing network have been stubbed. [{\"name\":\"http\",\"status\":\"mocked\"},{\"name\":\"http\",\"status\":\"mocked\"},{\"name\":\"https\",\"status\":\"mocked\"},{\"name\":\"https\",\"status\":\"mocked\"},{\"name\":\"net\",\"status\":\"mocked\"}]"}}
[debug] [2022-01-21T17:49:04.787Z] [runtime-status] [28248] Resolved module firebase-functions {"declared":true,"installed":true,"version":"3.16.0","resolution":"D:\\capstone\\shopping-stop\\functions\\node_modules\\firebase-functions\\lib\\index.js"} {"metadata":{"emulator":{"name":"functions"},"function":{"name":"us-central1-api"},"message":"[runtime-status] [28248] Resolved module firebase-functions {\"declared\":true,\"installed\":true,\"version\":\"3.16.0\",\"resolution\":\"D:\\\\capstone\\\\shopping-stop\\\\functions\\\\node_modules\\\\firebase-functions\\\\lib\\\\index.js\"}"}}
[debug] [2022-01-21T17:49:04.861Z] [runtime-status] [28248] Checked functions.config() {"config":{}} {"metadata":{"emulator":{"name":"functions"},"function":{"name":"us-central1-api"},"message":"[runtime-status] [28248] Checked functions.config() {\"config\":{}}"}}
[debug] [2022-01-21T17:49:04.861Z] [runtime-status] [28248] firebase-functions has been stubbed. {"functionsResolution":{"declared":true,"installed":true,"version":"3.16.0","resolution":"D:\\capstone\\shopping-stop\\functions\\node_modules\\firebase-functions\\lib\\index.js"}} {"metadata":{"emulator":{"name":"functions"},"function":{"name":"us-central1-api"},"message":"[runtime-status] [28248] firebase-functions has been stubbed. {\"functionsResolution\":{\"declared\":true,\"installed\":true,\"version\":\"3.16.0\",\"resolution\":\"D:\\\\capstone\\\\shopping-stop\\\\functions\\\\node_modules\\\\firebase-functions\\\\lib\\\\index.js\"}}"}}
[debug] [2022-01-21T17:49:04.863Z] [runtime-status] [28248] Resolved module firebase-functions {"declared":true,"installed":true,"version":"3.16.0","resolution":"D:\\capstone\\shopping-stop\\functions\\node_modules\\firebase-functions\\lib\\index.js"} {"metadata":{"emulator":{"name":"functions"},"function":{"name":"us-central1-api"},"message":"[runtime-status] [28248] Resolved module firebase-functions {\"declared\":true,\"installed\":true,\"version\":\"3.16.0\",\"resolution\":\"D:\\\\capstone\\\\shopping-stop\\\\functions\\\\node_modules\\\\firebase-functions\\\\lib\\\\index.js\"}"}}
[debug] [2022-01-21T17:49:04.866Z] [runtime-status] [28248] Resolved module firebase-admin {"declared":true,"installed":true,"version":"9.12.0","resolution":"D:\\capstone\\shopping-stop\\functions\\node_modules\\firebase-admin\\lib\\index.js"} {"metadata":{"emulator":{"name":"functions"},"function":{"name":"us-central1-api"},"message":"[runtime-status] [28248] Resolved module firebase-admin {\"declared\":true,\"installed\":true,\"version\":\"9.12.0\",\"resolution\":\"D:\\\\capstone\\\\shopping-stop\\\\functions\\\\node_modules\\\\firebase-admin\\\\lib\\\\index.js\"}"}}
[debug] [2022-01-21T17:49:04.867Z] [runtime-status] [28248] Resolved module firebase-functions {"declared":true,"installed":true,"version":"3.16.0","resolution":"D:\\capstone\\shopping-stop\\functions\\node_modules\\firebase-functions\\lib\\index.js"} {"metadata":{"emulator":{"name":"functions"},"function":{"name":"us-central1-api"},"message":"[runtime-status] [28248] Resolved module firebase-functions {\"declared\":true,\"installed\":true,\"version\":\"3.16.0\",\"resolution\":\"D:\\\\capstone\\\\shopping-stop\\\\functions\\\\node_modules\\\\firebase-functions\\\\lib\\\\index.js\"}"}}
[debug] [2022-01-21T17:49:04.867Z] [runtime-status] [28248] firebase-admin has been stubbed. {"adminResolution":{"declared":true,"installed":true,"version":"9.12.0","resolution":"D:\\capstone\\shopping-stop\\functions\\node_modules\\firebase-admin\\lib\\index.js"}} {"metadata":{"emulator":{"name":"functions"},"function":{"name":"us-central1-api"},"message":"[runtime-status] [28248] firebase-admin has been stubbed. {\"adminResolution\":{\"declared\":true,\"installed\":true,\"version\":\"9.12.0\",\"resolution\":\"D:\\\\capstone\\\\shopping-stop\\\\functions\\\\node_modules\\\\firebase-admin\\\\lib\\\\index.js\"}}"}}
[debug] [2022-01-21T17:49:05.125Z] [runtime-status] [28248] Trigger "us-central1-api" has been found, beginning invocation! {"metadata":{"emulator":{"name":"functions"},"function":{"name":"us-central1-api"},"message":"[runtime-status] [28248] Trigger \"us-central1-api\" has been found, beginning invocation!"}}
[info] i  functions: Beginning execution of "us-central1-api" {"metadata":{"emulator":{"name":"functions"},"function":{"name":"us-central1-api"},"message":"Beginning execution of \"us-central1-api\""}}
[debug] [2022-01-21T17:49:05.127Z] [runtime-status] [28248] triggerDefinition {"httpsTrigger":{},"name":"api","entryPoint":"api","regions":["us-central1"],"region":"us-central1","id":"us-central1-api","platform":"gcfv1"} {"metadata":{"emulator":{"name":"functions"},"function":{"name":"us-central1-api"},"message":"[runtime-status] [28248] triggerDefinition {\"httpsTrigger\":{},\"name\":\"api\",\"entryPoint\":\"api\",\"regions\":[\"us-central1\"],\"region\":\"us-central1\",\"id\":\"us-central1-api\",\"platform\":\"gcfv1\"}"}}
[debug] [2022-01-21T17:49:05.127Z] [runtime-status] [28248] Running us-central1-api in signature http {"metadata":{"emulator":{"name":"functions"},"function":{"name":"us-central1-api"},"message":"[runtime-status] [28248] Running us-central1-api in signature http"}}
[debug] [2022-01-21T17:49:05.132Z] [runtime-status] [28248] Attempting to listen to socketPath: \\?\pipe\D:\capstone\shopping-stop\functions\28248 {"metadata":{"emulator":{"name":"functions"},"function":{"name":"us-central1-api"},"message":"[runtime-status] [28248] Attempting to listen to socketPath: \\\\?\\pipe\\D:\\capstone\\shopping-stop\\functions\\28248"}}
[debug] [2022-01-21T17:49:05.134Z] [functions] Runtime ready! Sending request! {"metadata":{"emulator":{"name":"functions"},"message":"[functions] Runtime ready! Sending request!"}}
[debug] [2022-01-21T17:49:05.135Z] [functions] Got req.url=/theshopppingstop/us-central1/api/payments/create?total=169700, mapping to path=/payments/create?total=169700 {"metadata":{"emulator":{"name":"functions"},"message":"[functions] Got req.url=/theshopppingstop/us-central1/api/payments/create?total=169700, mapping to path=/payments/create?total=169700"}}
[debug] [2022-01-21T17:49:05.146Z] [runtime-status] [28248] Ephemeral server handling POST request {"metadata":{"emulator":{"name":"functions"},"function":{"name":"us-central1-api"},"message":"[runtime-status] [28248] Ephemeral server handling POST request"}}
[info] >  Payment Request Recieved BOOM!!! for this amount >>>  169700 {"user":"Payment Request Recieved BOOM!!! for this amount >>>  169700","metadata":{"emulator":{"name":"functions"},"function":{"name":"us-central1-api"},"message":"\u001b[90m> \u001b[39m Payment Request Recieved BOOM!!! for this amount >>>  169700"}}
[debug] [2022-01-21T17:49:05.490Z] [runtime-status] [28248] Ephemeral server survived. {"metadata":{"emulator":{"name":"functions"},"function":{"name":"us-central1-api"},"message":"[runtime-status] [28248] Ephemeral server survived."}}
[info] i  functions: Finished "us-central1-api" in ~1s {"metadata":{"emulator":{"name":"functions"},"function":{"name":"us-central1-api"},"message":"Finished \"us-central1-api\" in ~1s"}}
[debug] [2022-01-21T17:49:06.366Z] [worker-us-central1-api-c2415ac2-44da-4881-bf98-5a93103d72b5]: IDLE {"metadata":{"emulator":{"name":"functions"},"message":"[worker-us-central1-api-c2415ac2-44da-4881-bf98-5a93103d72b5]: IDLE"}}
[debug] [2022-01-21T17:49:06.367Z] [work-queue] {"queueLength":0,"workRunningCount":0}
[debug] [2022-01-21T17:49:07.970Z] [work-queue] {"queueLength":1,"workRunningCount":0}
[debug] [2022-01-21T17:49:07.971Z] [work-queue] {"queueLength":0,"workRunningCount":1}
[debug] [2022-01-21T17:49:07.971Z] Accepted request POST /theshopppingstop/us-central1/api/payments/create?total=109800 --> us-central1-api
[debug] [2022-01-21T17:49:07.971Z] [worker-pool] submitWork(triggerId=us-central1-api) {"metadata":{"emulator":{"name":"functions"},"message":"[worker-pool] submitWork(triggerId=us-central1-api)"}}
[debug] [2022-01-21T17:49:07.972Z] [worker-us-central1-api-c2415ac2-44da-4881-bf98-5a93103d72b5]: Assigning socketPath: \\?\pipe\D:\capstone\shopping-stop\functions\28248 {"metadata":{"emulator":{"name":"functions"},"message":"[worker-us-central1-api-c2415ac2-44da-4881-bf98-5a93103d72b5]: Assigning socketPath: \\\\?\\pipe\\D:\\capstone\\shopping-stop\\functions\\28248"}}
[debug] [2022-01-21T17:49:07.972Z] [worker-us-central1-api-c2415ac2-44da-4881-bf98-5a93103d72b5]: BUSY {"metadata":{"emulator":{"name":"functions"},"message":"[worker-us-central1-api-c2415ac2-44da-4881-bf98-5a93103d72b5]: BUSY"}}
[debug] [2022-01-21T17:49:07.973Z] [runtime-status] [28248] Trigger "us-central1-api" has been found, beginning invocation! {"metadata":{"emulator":{"name":"functions"},"function":{"name":"us-central1-api"},"message":"[runtime-status] [28248] Trigger \"us-central1-api\" has been found, beginning invocation!"}}
[info] i  functions: Beginning execution of "us-central1-api" {"metadata":{"emulator":{"name":"functions"},"function":{"name":"us-central1-api"},"message":"Beginning execution of \"us-central1-api\""}}
[debug] [2022-01-21T17:49:07.976Z] [runtime-status] [28248] triggerDefinition {"httpsTrigger":{},"name":"api","entryPoint":"api","regions":["us-central1"],"region":"us-central1","id":"us-central1-api","platform":"gcfv1"} {"metadata":{"emulator":{"name":"functions"},"function":{"name":"us-central1-api"},"message":"[runtime-status] [28248] triggerDefinition {\"httpsTrigger\":{},\"name\":\"api\",\"entryPoint\":\"api\",\"regions\":[\"us-central1\"],\"region\":\"us-central1\",\"id\":\"us-central1-api\",\"platform\":\"gcfv1\"}"}}
[debug] [2022-01-21T17:49:07.976Z] [runtime-status] [28248] Running us-central1-api in signature http {"metadata":{"emulator":{"name":"functions"},"function":{"name":"us-central1-api"},"message":"[runtime-status] [28248] Running us-central1-api in signature http"}}
[debug] [2022-01-21T17:49:07.978Z] [runtime-status] [28248] Attempting to listen to socketPath: \\?\pipe\D:\capstone\shopping-stop\functions\28248 {"metadata":{"emulator":{"name":"functions"},"function":{"name":"us-central1-api"},"message":"[runtime-status] [28248] Attempting to listen to socketPath: \\\\?\\pipe\\D:\\capstone\\shopping-stop\\functions\\28248"}}
[debug] [2022-01-21T17:49:07.980Z] [functions] Runtime ready! Sending request! {"metadata":{"emulator":{"name":"functions"},"message":"[functions] Runtime ready! Sending request!"}}
[debug] [2022-01-21T17:49:07.980Z] [functions] Got req.url=/theshopppingstop/us-central1/api/payments/create?total=109800, mapping to path=/payments/create?total=109800 {"metadata":{"emulator":{"name":"functions"},"message":"[functions] Got req.url=/theshopppingstop/us-central1/api/payments/create?total=109800, mapping to path=/payments/create?total=109800"}}
[debug] [2022-01-21T17:49:07.986Z] [runtime-status] [28248] Ephemeral server handling POST request {"metadata":{"emulator":{"name":"functions"},"function":{"name":"us-central1-api"},"message":"[runtime-status] [28248] Ephemeral server handling POST request"}}
[info] >  Payment Request Recieved BOOM!!! for this amount >>>  109800 {"user":"Payment Request Recieved BOOM!!! for this amount >>>  109800","metadata":{"emulator":{"name":"functions"},"function":{"name":"us-central1-api"},"message":"\u001b[90m> \u001b[39m Payment Request Recieved BOOM!!! for this amount >>>  109800"}}
[debug] [2022-01-21T17:49:07.988Z] [runtime-status] [28248] Ephemeral server survived. {"metadata":{"emulator":{"name":"functions"},"function":{"name":"us-central1-api"},"message":"[runtime-status] [28248] Ephemeral server survived."}}
[info] i  functions: Finished "us-central1-api" in ~1s {"metadata":{"emulator":{"name":"functions"},"function":{"name":"us-central1-api"},"message":"Finished \"us-central1-api\" in ~1s"}}
[debug] [2022-01-21T17:49:08.398Z] [worker-us-central1-api-c2415ac2-44da-4881-bf98-5a93103d72b5]: IDLE {"metadata":{"emulator":{"name":"functions"},"message":"[worker-us-central1-api-c2415ac2-44da-4881-bf98-5a93103d72b5]: IDLE"}}
[debug] [2022-01-21T17:49:08.398Z] [work-queue] {"queueLength":0,"workRunningCount":0}
[debug] [2022-01-21T17:49:29.763Z] [work-queue] {"queueLength":1,"workRunningCount":0}
[debug] [2022-01-21T17:49:29.764Z] [work-queue] {"queueLength":0,"workRunningCount":1}
[debug] [2022-01-21T17:49:29.764Z] Accepted request POST /theshopppingstop/us-central1/api/payments/create?total=0 --> us-central1-api
[debug] [2022-01-21T17:49:29.764Z] [worker-pool] submitWork(triggerId=us-central1-api) {"metadata":{"emulator":{"name":"functions"},"message":"[worker-pool] submitWork(triggerId=us-central1-api)"}}
[debug] [2022-01-21T17:49:29.764Z] [worker-us-central1-api-c2415ac2-44da-4881-bf98-5a93103d72b5]: Assigning socketPath: \\?\pipe\D:\capstone\shopping-stop\functions\28248 {"metadata":{"emulator":{"name":"functions"},"message":"[worker-us-central1-api-c2415ac2-44da-4881-bf98-5a93103d72b5]: Assigning socketPath: \\\\?\\pipe\\D:\\capstone\\shopping-stop\\functions\\28248"}}
[debug] [2022-01-21T17:49:29.765Z] [worker-us-central1-api-c2415ac2-44da-4881-bf98-5a93103d72b5]: BUSY {"metadata":{"emulator":{"name":"functions"},"message":"[worker-us-central1-api-c2415ac2-44da-4881-bf98-5a93103d72b5]: BUSY"}}
[debug] [2022-01-21T17:49:29.765Z] [runtime-status] [28248] Trigger "us-central1-api" has been found, beginning invocation! {"metadata":{"emulator":{"name":"functions"},"function":{"name":"us-central1-api"},"message":"[runtime-status] [28248] Trigger \"us-central1-api\" has been found, beginning invocation!"}}
[info] i  functions: Beginning execution of "us-central1-api" {"metadata":{"emulator":{"name":"functions"},"function":{"name":"us-central1-api"},"message":"Beginning execution of \"us-central1-api\""}}
[debug] [2022-01-21T17:49:29.768Z] [runtime-status] [28248] triggerDefinition {"httpsTrigger":{},"name":"api","entryPoint":"api","regions":["us-central1"],"region":"us-central1","id":"us-central1-api","platform":"gcfv1"} {"metadata":{"emulator":{"name":"functions"},"function":{"name":"us-central1-api"},"message":"[runtime-status] [28248] triggerDefinition {\"httpsTrigger\":{},\"name\":\"api\",\"entryPoint\":\"api\",\"regions\":[\"us-central1\"],\"region\":\"us-central1\",\"id\":\"us-central1-api\",\"platform\":\"gcfv1\"}"}}
[debug] [2022-01-21T17:49:29.769Z] [runtime-status] [28248] Running us-central1-api in signature http {"metadata":{"emulator":{"name":"functions"},"function":{"name":"us-central1-api"},"message":"[runtime-status] [28248] Running us-central1-api in signature http"}}
[debug] [2022-01-21T17:49:29.770Z] [runtime-status] [28248] Attempting to listen to socketPath: \\?\pipe\D:\capstone\shopping-stop\functions\28248 {"metadata":{"emulator":{"name":"functions"},"function":{"name":"us-central1-api"},"message":"[runtime-status] [28248] Attempting to listen to socketPath: \\\\?\\pipe\\D:\\capstone\\shopping-stop\\functions\\28248"}}
[debug] [2022-01-21T17:49:29.771Z] [functions] Runtime ready! Sending request! {"metadata":{"emulator":{"name":"functions"},"message":"[functions] Runtime ready! Sending request!"}}
[debug] [2022-01-21T17:49:29.772Z] [functions] Got req.url=/theshopppingstop/us-central1/api/payments/create?total=0, mapping to path=/payments/create?total=0 {"metadata":{"emulator":{"name":"functions"},"message":"[functions] Got req.url=/theshopppingstop/us-central1/api/payments/create?total=0, mapping to path=/payments/create?total=0"}}
[debug] [2022-01-21T17:49:29.777Z] [runtime-status] [28248] Ephemeral server handling POST request {"metadata":{"emulator":{"name":"functions"},"function":{"name":"us-central1-api"},"message":"[runtime-status] [28248] Ephemeral server handling POST request"}}
[info] >  Payment Request Recieved BOOM!!! for this amount >>>  0 {"user":"Payment Request Recieved BOOM!!! for this amount >>>  0","metadata":{"emulator":{"name":"functions"},"function":{"name":"us-central1-api"},"message":"\u001b[90m> \u001b[39m Payment Request Recieved BOOM!!! for this amount >>>  0"}}
[debug] [2022-01-21T17:49:29.779Z] [runtime-status] [28248] Ephemeral server survived. {"metadata":{"emulator":{"name":"functions"},"function":{"name":"us-central1-api"},"message":"[runtime-status] [28248] Ephemeral server survived."}}
[info] >  (node:28248) UnhandledPromiseRejectionWarning: Error: This value must be greater than or equal to 1. {"user":"(node:28248) UnhandledPromiseRejectionWarning: Error: This value must be greater than or equal to 1.","metadata":{"emulator":{"name":"functions"},"function":{"name":"us-central1-api"},"message":"\u001b[90m> \u001b[39m (node:28248) UnhandledPromiseRejectionWarning: Error: This value must be greater than or equal to 1."}}
[info] >      at Function.generate (D:\capstone\shopping-stop\functions\node_modules\stripe\lib\Error.js:40:16) {"user":"    at Function.generate (D:\\capstone\\shopping-stop\\functions\\node_modules\\stripe\\lib\\Error.js:40:16)","metadata":{"emulator":{"name":"functions"},"function":{"name":"us-central1-api"},"message":"\u001b[90m> \u001b[39m     at Function.generate (D:\\capstone\\shopping-stop\\functions\\node_modules\\stripe\\lib\\Error.js:40:16)"}}
[info] >      at res.toJSON.then.StripeAPIError.message (D:\capstone\shopping-stop\functions\node_modules\stripe\lib\StripeResource.js:220:35) {"user":"    at res.toJSON.then.StripeAPIError.message (D:\\capstone\\shopping-stop\\functions\\node_modules\\stripe\\lib\\StripeResource.js:220:35)","metadata":{"emulator":{"name":"functions"},"function":{"name":"us-central1-api"},"message":"\u001b[90m> \u001b[39m     at res.toJSON.then.StripeAPIError.message (D:\\capstone\\shopping-stop\\functions\\node_modules\\stripe\\lib\\StripeResource.js:220:35)"}}
[info] >      at processTicksAndRejections (internal/process/task_queues.js:95:5) {"user":"    at processTicksAndRejections (internal/process/task_queues.js:95:5)","metadata":{"emulator":{"name":"functions"},"function":{"name":"us-central1-api"},"message":"\u001b[90m> \u001b[39m     at processTicksAndRejections (internal/process/task_queues.js:95:5)"}}
[info] >  (Use `node --trace-warnings ...` to show where the warning was created) {"user":"(Use `node --trace-warnings ...` to show where the warning was created)","metadata":{"emulator":{"name":"functions"},"function":{"name":"us-central1-api"},"message":"\u001b[90m> \u001b[39m (Use `node --trace-warnings ...` to show where the warning was created)"}}
[info] >  (node:28248) UnhandledPromiseRejectionWarning: Unhandled promise rejection. This error originated either by throwing inside of an async function without a catch block, or by rejecting a promise which was not handled with .catch(). To terminate the node process on unhandled promise rejection, use the CLI flag `--unhandled-rejections=strict` (see https://nodejs.org/api/cli.html#cli_unhandled_rejections_mode). (rejection id: 1) {"user":"(node:28248) UnhandledPromiseRejectionWarning: Unhandled promise rejection. This error originated either by throwing inside of an async function without a catch block, or by rejecting a promise which was not handled with .catch(). To terminate the node process on unhandled promise rejection, use the CLI flag `--unhandled-rejections=strict` (see https://nodejs.org/api/cli.html#cli_unhandled_rejections_mode). (rejection id: 1)","metadata":{"emulator":{"name":"functions"},"function":{"name":"us-central1-api"},"message":"\u001b[90m> \u001b[39m (node:28248) UnhandledPromiseRejectionWarning: Unhandled promise rejection. This error originated either by throwing inside of an async function without a catch block, or by rejecting a promise which was not handled with .catch(). To terminate the node process on unhandled promise rejection, use the CLI flag `--unhandled-rejections=strict` (see https://nodejs.org/api/cli.html#cli_unhandled_rejections_mode). (rejection id: 1)"}}
[info] >  (node:28248) [DEP0018] DeprecationWarning: Unhandled promise rejections are deprecated. In the future, promise rejections that are not handled will terminate the Node.js process with a non-zero exit code. {"user":"(node:28248) [DEP0018] DeprecationWarning: Unhandled promise rejections are deprecated. In the future, promise rejections that are not handled will terminate the Node.js process with a non-zero exit code.","metadata":{"emulator":{"name":"functions"},"function":{"name":"us-central1-api"},"message":"\u001b[90m> \u001b[39m (node:28248) [DEP0018] DeprecationWarning: Unhandled promise rejections are deprecated. In the future, promise rejections that are not handled will terminate the Node.js process with a non-zero exit code."}}
[warn] !  functions: Your function timed out after ~60s. To configure this timeout, see
      https://firebase.google.com/docs/functions/manage-functions#set_timeout_and_memory_allocation. {"metadata":{"emulator":{"name":"functions"},"function":{"name":"us-central1-api"},"message":"Your function timed out after ~60s. To configure this timeout, see\n      https://firebase.google.com/docs/functions/manage-functions#set_timeout_and_memory_allocation."}}
[info] >  C:\Users\HASTI\AppData\Roaming\npm\node_modules\firebase-tools\lib\emulator\functionsEmulatorRuntime.js:618 {"user":"C:\\Users\\HASTI\\AppData\\Roaming\\npm\\node_modules\\firebase-tools\\lib\\emulator\\functionsEmulatorRuntime.js:618\r","metadata":{"emulator":{"name":"functions"},"function":{"name":"us-central1-api"},"message":"\u001b[90m> \u001b[39m C:\\Users\\HASTI\\AppData\\Roaming\\npm\\node_modules\\firebase-tools\\lib\\emulator\\functionsEmulatorRuntime.js:618\r"}}
[info] >              throw new Error("Function timed out."); {"user":"            throw new Error(\"Function timed out.\");\r","metadata":{"emulator":{"name":"functions"},"function":{"name":"us-central1-api"},"message":"\u001b[90m> \u001b[39m             throw new Error(\"Function timed out.\");\r"}}
[info] >              ^ {"user":"            ^\r","metadata":{"emulator":{"name":"functions"},"function":{"name":"us-central1-api"},"message":"\u001b[90m> \u001b[39m             ^\r"}}
[info] >   {"user":"\r","metadata":{"emulator":{"name":"functions"},"function":{"name":"us-central1-api"},"message":"\u001b[90m> \u001b[39m \r"}}
[info] >  Error: Function timed out. {"user":"Error: Function timed out.\r","metadata":{"emulator":{"name":"functions"},"function":{"name":"us-central1-api"},"message":"\u001b[90m> \u001b[39m Error: Function timed out.\r"}}
[info] >      at Timeout._onTimeout (C:\Users\HASTI\AppData\Roaming\npm\node_modules\firebase-tools\lib\emulator\functionsEmulatorRuntime.js:618:19) {"user":"    at Timeout._onTimeout (C:\\Users\\HASTI\\AppData\\Roaming\\npm\\node_modules\\firebase-tools\\lib\\emulator\\functionsEmulatorRuntime.js:618:19)\r","metadata":{"emulator":{"name":"functions"},"function":{"name":"us-central1-api"},"message":"\u001b[90m> \u001b[39m     at Timeout._onTimeout (C:\\Users\\HASTI\\AppData\\Roaming\\npm\\node_modules\\firebase-tools\\lib\\emulator\\functionsEmulatorRuntime.js:618:19)\r"}}
[info] >      at listOnTimeout (internal/timers.js:555:17) {"user":"    at listOnTimeout (internal/timers.js:555:17)\r","metadata":{"emulator":{"name":"functions"},"function":{"name":"us-central1-api"},"message":"\u001b[90m> \u001b[39m     at listOnTimeout (internal/timers.js:555:17)\r"}}
[info] >      at processTimers (internal/timers.js:498:7) {"user":"    at processTimers (internal/timers.js:498:7)\r","metadata":{"emulator":{"name":"functions"},"function":{"name":"us-central1-api"},"message":"\u001b[90m> \u001b[39m     at processTimers (internal/timers.js:498:7)\r"}}
[debug] [2022-01-21T17:50:29.807Z] [worker-us-central1-api-c2415ac2-44da-4881-bf98-5a93103d72b5]: exited {"metadata":{"emulator":{"name":"functions"},"message":"[worker-us-central1-api-c2415ac2-44da-4881-bf98-5a93103d72b5]: exited"}}
[debug] [2022-01-21T17:50:29.807Z] [worker-us-central1-api-c2415ac2-44da-4881-bf98-5a93103d72b5]: FINISHED {"metadata":{"emulator":{"name":"functions"},"message":"[worker-us-central1-api-c2415ac2-44da-4881-bf98-5a93103d72b5]: FINISHED"}}
[debug] [2022-01-21T17:50:29.807Z] [work-queue] {"queueLength":0,"workRunningCount":0}
[debug] [2022-01-21T17:51:29.006Z] [worker-~diagnostic~-5e2bffc0-dfb9-4bfe-86f3-6e922b3cb060]: exited {"metadata":{"emulator":{"name":"functions"},"message":"[worker-~diagnostic~-5e2bffc0-dfb9-4bfe-86f3-6e922b3cb060]: exited"}}
[debug] [2022-01-22T11:27:10.222Z] ----------------------------------------------------------------------
[debug] [2022-01-22T11:27:10.243Z] Command:       C:\Program Files (x86)\nodejs\node.exe C:\Users\HASTI\AppData\Roaming\npm\node_modules\firebase-tools\lib\bin\firebase.js emulators:start
[debug] [2022-01-22T11:27:10.244Z] CLI Version:   10.1.2
[debug] [2022-01-22T11:27:10.244Z] Platform:      win32
[debug] [2022-01-22T11:27:10.244Z] Node Version:  v14.17.0
[debug] [2022-01-22T11:27:10.372Z] Time:          Sat Jan 22 2022 16:57:10 GMT+0530 (India Standard Time)
[debug] [2022-01-22T11:27:10.373Z] ----------------------------------------------------------------------
[debug] 
[debug] [2022-01-22T11:27:10.462Z] >>> [apiv2][query] GET https://firebase-public.firebaseio.com/cli.json [none]
[debug] [2022-01-22T11:27:11.079Z] > command requires scopes: ["email","openid","https://www.googleapis.com/auth/cloudplatformprojects.readonly","https://www.googleapis.com/auth/firebase","https://www.googleapis.com/auth/cloud-platform"]
[debug] [2022-01-22T11:27:11.080Z] > authorizing via signed-in user (hastisutaria.ict19@gmail.com)
[info] i  emulators: Starting emulators: functions, hosting {"metadata":{"emulator":{"name":"hub"},"message":"Starting emulators: functions, hosting"}}
[warn] !  emulators: It seems that you are running multiple instances of the emulator suite for project theshopppingstop. This may result in unexpected behavior. 
[debug] [2022-01-22T11:27:11.169Z] [hub] writing locator at C:\Users\HASTI\AppData\Local\Temp\hub-theshopppingstop.json
[warn] !  functions: The following emulators are not running, calls to these services from the Functions emulator will affect production: auth, firestore, database, pubsub, storage {"metadata":{"emulator":{"name":"functions"},"message":"The following emulators are not running, calls to these services from the Functions emulator will affect production: \u001b[1mauth, firestore, database, pubsub, storage\u001b[22m"}}
[warn] !  Your requested "node" version "16" doesn't match your global version "14" {"metadata":{"emulator":{"name":"functions"},"message":"Your requested \"node\" version \"16\" doesn't match your global version \"14\""}}
[debug] [2022-01-22T11:27:11.263Z] defaultcredentials: writing to file C:\Users\HASTI\AppData\Roaming\firebase\hastisutaria_ict19_gmail.com_application_default_credentials.json
[debug] [2022-01-22T11:27:11.267Z] Setting GAC to C:\Users\HASTI\AppData\Roaming\firebase\hastisutaria_ict19_gmail.com_application_default_credentials.json {"metadata":{"emulator":{"name":"functions"},"message":"Setting GAC to C:\\Users\\HASTI\\AppData\\Roaming\\firebase\\hastisutaria_ict19_gmail.com_application_default_credentials.json"}}
[debug] [2022-01-22T11:27:11.268Z] > refreshing access token with scopes: []
[debug] [2022-01-22T11:27:11.269Z] >>> HTTP REQUEST POST https://www.googleapis.com/oauth2/v3/token  
 <request body omitted>
[debug] [2022-01-22T11:27:11.484Z] <<< HTTP RESPONSE 200 {"pragma":"no-cache","cache-control":"no-cache, no-store, max-age=0, must-revalidate","expires":"Mon, 01 Jan 1990 00:00:00 GMT","date":"Sat, 22 Jan 2022 11:27:12 GMT","content-type":"application/json; charset=utf-8","vary":"X-Origin, Referer, Origin,Accept-Encoding","server":"scaffolding on HTTPServer2","x-xss-protection":"0","x-frame-options":"SAMEORIGIN","x-content-type-options":"nosniff","alt-svc":"h3=\":443\"; ma=2592000,h3-29=\":443\"; ma=2592000,h3-Q050=\":443\"; ma=2592000,h3-Q046=\":443\"; ma=2592000,h3-Q043=\":443\"; ma=2592000,quic=\":443\"; ma=2592000; v=\"46,43\"","accept-ranges":"none","transfer-encoding":"chunked"}
[debug] [2022-01-22T11:27:11.652Z] >>> [apiv2][query] GET https://firebase.googleapis.com/v1beta1/projects/theshopppingstop/adminSdkConfig [none]
[debug] [2022-01-22T11:27:12.045Z] <<< [apiv2][status] GET https://firebase-public.firebaseio.com/cli.json 200
[debug] [2022-01-22T11:27:12.046Z] <<< [apiv2][body] GET https://firebase-public.firebaseio.com/cli.json {"cloudBuildErrorAfter":1594252800000,"cloudBuildWarnAfter":1590019200000,"defaultNode10After":1594252800000,"minVersion":"3.0.5","node8DeploysDisabledAfter":1613390400000,"node8RuntimeDisabledAfter":1615809600000,"node8WarnAfter":1600128000000}
[debug] [2022-01-22T11:27:12.234Z] <<< [apiv2][status] GET https://firebase.googleapis.com/v1beta1/projects/theshopppingstop/adminSdkConfig 200
[debug] [2022-01-22T11:27:12.234Z] <<< [apiv2][body] GET https://firebase.googleapis.com/v1beta1/projects/theshopppingstop/adminSdkConfig {"projectId":"theshopppingstop","storageBucket":"theshopppingstop.appspot.com","locationId":"asia-southeast1"}
[debug] [2022-01-22T11:27:12.303Z] >>> [apiv2][query] GET https://firebasehosting.googleapis.com/v1beta1/projects/theshopppingstop/sites 
[debug] [2022-01-22T11:27:14.170Z] <<< [apiv2][status] GET https://firebasehosting.googleapis.com/v1beta1/projects/theshopppingstop/sites 200
[debug] [2022-01-22T11:27:14.171Z] <<< [apiv2][body] GET https://firebasehosting.googleapis.com/v1beta1/projects/theshopppingstop/sites {"sites":[{"name":"projects/666971771125/sites/theshopppingstop","defaultUrl":"https://theshopppingstop.web.app","type":"DEFAULT_SITE"}]}
[debug] [2022-01-22T11:27:14.172Z] >>> [apiv2][query] GET https://firebase.googleapis.com/v1beta1/projects/theshopppingstop/webApps/-/config [none]
[debug] [2022-01-22T11:27:15.719Z] <<< [apiv2][status] GET https://firebase.googleapis.com/v1beta1/projects/theshopppingstop/webApps/-/config 200
[debug] [2022-01-22T11:27:15.720Z] <<< [apiv2][body] GET https://firebase.googleapis.com/v1beta1/projects/theshopppingstop/webApps/-/config {"projectId":"theshopppingstop","appId":"1:666971771125:web:aaf575ffcabfd0505d75bc","storageBucket":"theshopppingstop.appspot.com","locationId":"asia-southeast1","apiKey":"AIzaSyA72Ow49yByAou8_2lB6Wl6_kX2doddDfw","authDomain":"theshopppingstop.firebaseapp.com","messagingSenderId":"666971771125","measurementId":"G-NM27KXBPVP"}
[info] i  hosting: Serving hosting files from: build {"metadata":{"emulator":{"name":"hosting"},"message":"Serving hosting files from: \u001b[1mbuild\u001b[22m"}}
[info] +  hosting: Local server: http://localhost:5000 {"metadata":{"emulator":{"name":"hosting"},"message":"Local server: \u001b[4m\u001b[1mhttp://localhost:5000\u001b[22m\u001b[24m"}}
[debug] [2022-01-22T11:27:16.293Z] Ignoring unsupported arg: auto_download {"metadata":{"emulator":{"name":"ui"},"message":"Ignoring unsupported arg: auto_download"}}
[debug] [2022-01-22T11:27:16.293Z] Ignoring unsupported arg: port {"metadata":{"emulator":{"name":"ui"},"message":"Ignoring unsupported arg: port"}}
[debug] [2022-01-22T11:27:16.293Z] Starting Emulator UI with command {"binary":"node","args":["C:\\Users\\HASTI\\.cache\\firebase\\emulators\\ui-v1.6.4\\server.bundle.js"],"optionalArgs":[],"joinArgs":false} {"metadata":{"emulator":{"name":"ui"},"message":"Starting Emulator UI with command {\"binary\":\"node\",\"args\":[\"C:\\\\Users\\\\HASTI\\\\.cache\\\\firebase\\\\emulators\\\\ui-v1.6.4\\\\server.bundle.js\"],\"optionalArgs\":[],\"joinArgs\":false}"}}
[info] i  ui: Emulator UI logging to ui-debug.log {"metadata":{"emulator":{"name":"ui"},"message":"Emulator UI logging to \u001b[1mui-debug.log\u001b[22m"}}
[debug] [2022-01-22T11:27:16.903Z] Web / API server started at localhost:4000
 {"metadata":{"emulator":{"name":"ui"},"message":"Web / API server started at localhost:4000\n"}}
[info] i  functions: Watching "D:\capstone\shopping-stop\functions" for Cloud Functions... {"metadata":{"emulator":{"name":"functions"},"message":"Watching \"D:\\capstone\\shopping-stop\\functions\" for Cloud Functions..."}}
[debug] [2022-01-22T11:27:17.195Z] [worker-pool] addWorker(~diagnostic~) {"metadata":{"emulator":{"name":"functions"},"message":"[worker-pool] addWorker(~diagnostic~)"}}
[debug] [2022-01-22T11:27:17.195Z] [worker-pool] Adding worker with key ~diagnostic~, total=1 {"metadata":{"emulator":{"name":"functions"},"message":"[worker-pool] Adding worker with key ~diagnostic~, total=1"}}
[debug] [2022-01-22T11:27:17.195Z] [worker-pool] submitWork(triggerId=) {"metadata":{"emulator":{"name":"functions"},"message":"[worker-pool] submitWork(triggerId=)"}}
[debug] [2022-01-22T11:27:17.196Z] [worker-~diagnostic~-ec47b638-3671-421e-8af2-dd680e73912b]: Assigning socketPath: \\?\pipe\D:\capstone\shopping-stop\functions\14532 {"metadata":{"emulator":{"name":"functions"},"message":"[worker-~diagnostic~-ec47b638-3671-421e-8af2-dd680e73912b]: Assigning socketPath: \\\\?\\pipe\\D:\\capstone\\shopping-stop\\functions\\14532"}}
[debug] [2022-01-22T11:27:17.196Z] [worker-~diagnostic~-ec47b638-3671-421e-8af2-dd680e73912b]: BUSY {"metadata":{"emulator":{"name":"functions"},"message":"[worker-~diagnostic~-ec47b638-3671-421e-8af2-dd680e73912b]: BUSY"}}
[debug] [2022-01-22T11:27:17.441Z] [runtime-status] [14532] Functions runtime initialized. {"cwd":"D:\\capstone\\shopping-stop\\functions","node_version":"14.17.0"} {"metadata":{"emulator":{"name":"functions"},"message":"[runtime-status] [14532] Functions runtime initialized. {\"cwd\":\"D:\\\\capstone\\\\shopping-stop\\\\functions\",\"node_version\":\"14.17.0\"}"}}
[debug] [2022-01-22T11:27:17.441Z] [runtime-status] [14532] Disabled runtime features: undefined {"metadata":{"emulator":{"name":"functions"},"message":"[runtime-status] [14532] Disabled runtime features: undefined"}}
[debug] [2022-01-22T11:27:17.473Z] [runtime-status] [14532] Resolved module firebase-admin {"declared":true,"installed":true,"version":"9.12.0","resolution":"D:\\capstone\\shopping-stop\\functions\\node_modules\\firebase-admin\\lib\\index.js"} {"metadata":{"emulator":{"name":"functions"},"message":"[runtime-status] [14532] Resolved module firebase-admin {\"declared\":true,\"installed\":true,\"version\":\"9.12.0\",\"resolution\":\"D:\\\\capstone\\\\shopping-stop\\\\functions\\\\node_modules\\\\firebase-admin\\\\lib\\\\index.js\"}"}}
[debug] [2022-01-22T11:27:17.522Z] [runtime-status] [14532] Resolved module firebase-functions {"declared":true,"installed":true,"version":"3.16.0","resolution":"D:\\capstone\\shopping-stop\\functions\\node_modules\\firebase-functions\\lib\\index.js"} {"metadata":{"emulator":{"name":"functions"},"message":"[runtime-status] [14532] Resolved module firebase-functions {\"declared\":true,\"installed\":true,\"version\":\"3.16.0\",\"resolution\":\"D:\\\\capstone\\\\shopping-stop\\\\functions\\\\node_modules\\\\firebase-functions\\\\lib\\\\index.js\"}"}}
[debug] [2022-01-22T11:27:17.527Z] [runtime-status] [14532] Outgoing network have been stubbed. [{"name":"http","status":"mocked"},{"name":"http","status":"mocked"},{"name":"https","status":"mocked"},{"name":"https","status":"mocked"},{"name":"net","status":"mocked"}] {"metadata":{"emulator":{"name":"functions"},"message":"[runtime-status] [14532] Outgoing network have been stubbed. [{\"name\":\"http\",\"status\":\"mocked\"},{\"name\":\"http\",\"status\":\"mocked\"},{\"name\":\"https\",\"status\":\"mocked\"},{\"name\":\"https\",\"status\":\"mocked\"},{\"name\":\"net\",\"status\":\"mocked\"}]"}}
[debug] [2022-01-22T11:27:17.529Z] [runtime-status] [14532] Resolved module firebase-functions {"declared":true,"installed":true,"version":"3.16.0","resolution":"D:\\capstone\\shopping-stop\\functions\\node_modules\\firebase-functions\\lib\\index.js"} {"metadata":{"emulator":{"name":"functions"},"message":"[runtime-status] [14532] Resolved module firebase-functions {\"declared\":true,\"installed\":true,\"version\":\"3.16.0\",\"resolution\":\"D:\\\\capstone\\\\shopping-stop\\\\functions\\\\node_modules\\\\firebase-functions\\\\lib\\\\index.js\"}"}}
[debug] [2022-01-22T11:27:19.252Z] [runtime-status] [14532] Checked functions.config() {"config":{}} {"metadata":{"emulator":{"name":"functions"},"message":"[runtime-status] [14532] Checked functions.config() {\"config\":{}}"}}
[debug] [2022-01-22T11:27:19.252Z] [runtime-status] [14532] firebase-functions has been stubbed. {"functionsResolution":{"declared":true,"installed":true,"version":"3.16.0","resolution":"D:\\capstone\\shopping-stop\\functions\\node_modules\\firebase-functions\\lib\\index.js"}} {"metadata":{"emulator":{"name":"functions"},"message":"[runtime-status] [14532] firebase-functions has been stubbed. {\"functionsResolution\":{\"declared\":true,\"installed\":true,\"version\":\"3.16.0\",\"resolution\":\"D:\\\\capstone\\\\shopping-stop\\\\functions\\\\node_modules\\\\firebase-functions\\\\lib\\\\index.js\"}}"}}
[debug] [2022-01-22T11:27:19.253Z] [runtime-status] [14532] Resolved module firebase-functions {"declared":true,"installed":true,"version":"3.16.0","resolution":"D:\\capstone\\shopping-stop\\functions\\node_modules\\firebase-functions\\lib\\index.js"} {"metadata":{"emulator":{"name":"functions"},"message":"[runtime-status] [14532] Resolved module firebase-functions {\"declared\":true,\"installed\":true,\"version\":\"3.16.0\",\"resolution\":\"D:\\\\capstone\\\\shopping-stop\\\\functions\\\\node_modules\\\\firebase-functions\\\\lib\\\\index.js\"}"}}
[debug] [2022-01-22T11:27:19.255Z] [runtime-status] [14532] Resolved module firebase-admin {"declared":true,"installed":true,"version":"9.12.0","resolution":"D:\\capstone\\shopping-stop\\functions\\node_modules\\firebase-admin\\lib\\index.js"} {"metadata":{"emulator":{"name":"functions"},"message":"[runtime-status] [14532] Resolved module firebase-admin {\"declared\":true,\"installed\":true,\"version\":\"9.12.0\",\"resolution\":\"D:\\\\capstone\\\\shopping-stop\\\\functions\\\\node_modules\\\\firebase-admin\\\\lib\\\\index.js\"}"}}
[debug] [2022-01-22T11:27:19.256Z] [runtime-status] [14532] Resolved module firebase-functions {"declared":true,"installed":true,"version":"3.16.0","resolution":"D:\\capstone\\shopping-stop\\functions\\node_modules\\firebase-functions\\lib\\index.js"} {"metadata":{"emulator":{"name":"functions"},"message":"[runtime-status] [14532] Resolved module firebase-functions {\"declared\":true,\"installed\":true,\"version\":\"3.16.0\",\"resolution\":\"D:\\\\capstone\\\\shopping-stop\\\\functions\\\\node_modules\\\\firebase-functions\\\\lib\\\\index.js\"}"}}
[debug] [2022-01-22T11:27:19.257Z] [runtime-status] [14532] firebase-admin has been stubbed. {"adminResolution":{"declared":true,"installed":true,"version":"9.12.0","resolution":"D:\\capstone\\shopping-stop\\functions\\node_modules\\firebase-admin\\lib\\index.js"}} {"metadata":{"emulator":{"name":"functions"},"message":"[runtime-status] [14532] firebase-admin has been stubbed. {\"adminResolution\":{\"declared\":true,\"installed\":true,\"version\":\"9.12.0\",\"resolution\":\"D:\\\\capstone\\\\shopping-stop\\\\functions\\\\node_modules\\\\firebase-admin\\\\lib\\\\index.js\"}}"}}
[info] +  functions[us-central1-api]: http function initialized (http://localhost:5001/theshopppingstop/us-central1/api). {"metadata":{"emulator":{"name":"functions"},"message":"\u001b[1mhttp\u001b[22m function initialized (http://localhost:5001/theshopppingstop/us-central1/api)."}}
[info] 
┌─────────────────────────────────────────────────────────────┐
│ ✔  All emulators ready! It is now safe to connect your app. │
│ i  View Emulator UI at http://localhost:4000                │
└─────────────────────────────────────────────────────────────┘

┌───────────┬────────────────┬─────────────────────────────────┐
│ Emulator  │ Host:Port      │ View in Emulator UI             │
├───────────┼────────────────┼─────────────────────────────────┤
│ Functions │ localhost:5001 │ http://localhost:4000/functions │
├───────────┼────────────────┼─────────────────────────────────┤
│ Hosting   │ localhost:5000 │ n/a                             │
└───────────┴────────────────┴─────────────────────────────────┘
  Emulator Hub running at localhost:4400
  Other reserved ports: 4500

Issues? Report them at https://github.com/firebase/firebase-tools/issues and attach the *-debug.log files.
 
[debug] [2022-01-22T11:27:25.450Z] [worker-~diagnostic~-ec47b638-3671-421e-8af2-dd680e73912b]: IDLE {"metadata":{"emulator":{"name":"functions"},"message":"[worker-~diagnostic~-ec47b638-3671-421e-8af2-dd680e73912b]: IDLE"}}
[debug] [2022-01-22T11:30:50.250Z] [work-queue] {"queueLength":1,"workRunningCount":0}
[debug] [2022-01-22T11:30:50.251Z] [work-queue] {"queueLength":0,"workRunningCount":1}
[debug] [2022-01-22T11:30:50.253Z] Accepted request POST /theshopppingstop/us-central1/api/payments/create?total=149900 --> us-central1-api
[debug] [2022-01-22T11:30:50.277Z] [worker-pool] addWorker(us-central1-api) {"metadata":{"emulator":{"name":"functions"},"message":"[worker-pool] addWorker(us-central1-api)"}}
[debug] [2022-01-22T11:30:50.278Z] [worker-pool] Adding worker with key us-central1-api, total=1 {"metadata":{"emulator":{"name":"functions"},"message":"[worker-pool] Adding worker with key us-central1-api, total=1"}}
[debug] [2022-01-22T11:30:50.278Z] [worker-pool] submitWork(triggerId=us-central1-api) {"metadata":{"emulator":{"name":"functions"},"message":"[worker-pool] submitWork(triggerId=us-central1-api)"}}
[debug] [2022-01-22T11:30:50.279Z] [worker-us-central1-api-1996ff16-d38a-4c48-86ca-13f302c45a5e]: Assigning socketPath: \\?\pipe\D:\capstone\shopping-stop\functions\22592 {"metadata":{"emulator":{"name":"functions"},"message":"[worker-us-central1-api-1996ff16-d38a-4c48-86ca-13f302c45a5e]: Assigning socketPath: \\\\?\\pipe\\D:\\capstone\\shopping-stop\\functions\\22592"}}
[debug] [2022-01-22T11:30:50.279Z] [worker-us-central1-api-1996ff16-d38a-4c48-86ca-13f302c45a5e]: BUSY {"metadata":{"emulator":{"name":"functions"},"message":"[worker-us-central1-api-1996ff16-d38a-4c48-86ca-13f302c45a5e]: BUSY"}}
[debug] [2022-01-22T11:30:50.478Z] [runtime-status] [22592] Functions runtime initialized. {"cwd":"D:\\capstone\\shopping-stop\\functions","node_version":"14.17.0"} {"metadata":{"emulator":{"name":"functions"},"function":{"name":"us-central1-api"},"message":"[runtime-status] [22592] Functions runtime initialized. {\"cwd\":\"D:\\\\capstone\\\\shopping-stop\\\\functions\",\"node_version\":\"14.17.0\"}"}}
[debug] [2022-01-22T11:30:50.479Z] [runtime-status] [22592] Disabled runtime features: undefined {"metadata":{"emulator":{"name":"functions"},"function":{"name":"us-central1-api"},"message":"[runtime-status] [22592] Disabled runtime features: undefined"}}
[debug] [2022-01-22T11:30:50.482Z] [runtime-status] [22592] Resolved module firebase-admin {"declared":true,"installed":true,"version":"9.12.0","resolution":"D:\\capstone\\shopping-stop\\functions\\node_modules\\firebase-admin\\lib\\index.js"} {"metadata":{"emulator":{"name":"functions"},"function":{"name":"us-central1-api"},"message":"[runtime-status] [22592] Resolved module firebase-admin {\"declared\":true,\"installed\":true,\"version\":\"9.12.0\",\"resolution\":\"D:\\\\capstone\\\\shopping-stop\\\\functions\\\\node_modules\\\\firebase-admin\\\\lib\\\\index.js\"}"}}
[debug] [2022-01-22T11:30:50.486Z] [runtime-status] [22592] Resolved module firebase-functions {"declared":true,"installed":true,"version":"3.16.0","resolution":"D:\\capstone\\shopping-stop\\functions\\node_modules\\firebase-functions\\lib\\index.js"} {"metadata":{"emulator":{"name":"functions"},"function":{"name":"us-central1-api"},"message":"[runtime-status] [22592] Resolved module firebase-functions {\"declared\":true,\"installed\":true,\"version\":\"3.16.0\",\"resolution\":\"D:\\\\capstone\\\\shopping-stop\\\\functions\\\\node_modules\\\\firebase-functions\\\\lib\\\\index.js\"}"}}
[debug] [2022-01-22T11:30:50.487Z] [runtime-status] [22592] Outgoing network have been stubbed. [{"name":"http","status":"mocked"},{"name":"http","status":"mocked"},{"name":"https","status":"mocked"},{"name":"https","status":"mocked"},{"name":"net","status":"mocked"}] {"metadata":{"emulator":{"name":"functions"},"function":{"name":"us-central1-api"},"message":"[runtime-status] [22592] Outgoing network have been stubbed. [{\"name\":\"http\",\"status\":\"mocked\"},{\"name\":\"http\",\"status\":\"mocked\"},{\"name\":\"https\",\"status\":\"mocked\"},{\"name\":\"https\",\"status\":\"mocked\"},{\"name\":\"net\",\"status\":\"mocked\"}]"}}
[debug] [2022-01-22T11:30:50.489Z] [runtime-status] [22592] Resolved module firebase-functions {"declared":true,"installed":true,"version":"3.16.0","resolution":"D:\\capstone\\shopping-stop\\functions\\node_modules\\firebase-functions\\lib\\index.js"} {"metadata":{"emulator":{"name":"functions"},"function":{"name":"us-central1-api"},"message":"[runtime-status] [22592] Resolved module firebase-functions {\"declared\":true,\"installed\":true,\"version\":\"3.16.0\",\"resolution\":\"D:\\\\capstone\\\\shopping-stop\\\\functions\\\\node_modules\\\\firebase-functions\\\\lib\\\\index.js\"}"}}
[debug] [2022-01-22T11:30:50.539Z] [runtime-status] [22592] Checked functions.config() {"config":{}} {"metadata":{"emulator":{"name":"functions"},"function":{"name":"us-central1-api"},"message":"[runtime-status] [22592] Checked functions.config() {\"config\":{}}"}}
[debug] [2022-01-22T11:30:50.539Z] [runtime-status] [22592] firebase-functions has been stubbed. {"functionsResolution":{"declared":true,"installed":true,"version":"3.16.0","resolution":"D:\\capstone\\shopping-stop\\functions\\node_modules\\firebase-functions\\lib\\index.js"}} {"metadata":{"emulator":{"name":"functions"},"function":{"name":"us-central1-api"},"message":"[runtime-status] [22592] firebase-functions has been stubbed. {\"functionsResolution\":{\"declared\":true,\"installed\":true,\"version\":\"3.16.0\",\"resolution\":\"D:\\\\capstone\\\\shopping-stop\\\\functions\\\\node_modules\\\\firebase-functions\\\\lib\\\\index.js\"}}"}}
[debug] [2022-01-22T11:30:50.541Z] [runtime-status] [22592] Resolved module firebase-functions {"declared":true,"installed":true,"version":"3.16.0","resolution":"D:\\capstone\\shopping-stop\\functions\\node_modules\\firebase-functions\\lib\\index.js"} {"metadata":{"emulator":{"name":"functions"},"function":{"name":"us-central1-api"},"message":"[runtime-status] [22592] Resolved module firebase-functions {\"declared\":true,\"installed\":true,\"version\":\"3.16.0\",\"resolution\":\"D:\\\\capstone\\\\shopping-stop\\\\functions\\\\node_modules\\\\firebase-functions\\\\lib\\\\index.js\"}"}}
[debug] [2022-01-22T11:30:50.542Z] [runtime-status] [22592] Resolved module firebase-admin {"declared":true,"installed":true,"version":"9.12.0","resolution":"D:\\capstone\\shopping-stop\\functions\\node_modules\\firebase-admin\\lib\\index.js"} {"metadata":{"emulator":{"name":"functions"},"function":{"name":"us-central1-api"},"message":"[runtime-status] [22592] Resolved module firebase-admin {\"declared\":true,\"installed\":true,\"version\":\"9.12.0\",\"resolution\":\"D:\\\\capstone\\\\shopping-stop\\\\functions\\\\node_modules\\\\firebase-admin\\\\lib\\\\index.js\"}"}}
[debug] [2022-01-22T11:30:50.543Z] [runtime-status] [22592] Resolved module firebase-functions {"declared":true,"installed":true,"version":"3.16.0","resolution":"D:\\capstone\\shopping-stop\\functions\\node_modules\\firebase-functions\\lib\\index.js"} {"metadata":{"emulator":{"name":"functions"},"function":{"name":"us-central1-api"},"message":"[runtime-status] [22592] Resolved module firebase-functions {\"declared\":true,\"installed\":true,\"version\":\"3.16.0\",\"resolution\":\"D:\\\\capstone\\\\shopping-stop\\\\functions\\\\node_modules\\\\firebase-functions\\\\lib\\\\index.js\"}"}}
[debug] [2022-01-22T11:30:50.543Z] [runtime-status] [22592] firebase-admin has been stubbed. {"adminResolution":{"declared":true,"installed":true,"version":"9.12.0","resolution":"D:\\capstone\\shopping-stop\\functions\\node_modules\\firebase-admin\\lib\\index.js"}} {"metadata":{"emulator":{"name":"functions"},"function":{"name":"us-central1-api"},"message":"[runtime-status] [22592] firebase-admin has been stubbed. {\"adminResolution\":{\"declared\":true,\"installed\":true,\"version\":\"9.12.0\",\"resolution\":\"D:\\\\capstone\\\\shopping-stop\\\\functions\\\\node_modules\\\\firebase-admin\\\\lib\\\\index.js\"}}"}}
[debug] [2022-01-22T11:30:50.701Z] [runtime-status] [22592] Trigger "us-central1-api" has been found, beginning invocation! {"metadata":{"emulator":{"name":"functions"},"function":{"name":"us-central1-api"},"message":"[runtime-status] [22592] Trigger \"us-central1-api\" has been found, beginning invocation!"}}
[info] i  functions: Beginning execution of "us-central1-api" {"metadata":{"emulator":{"name":"functions"},"function":{"name":"us-central1-api"},"message":"Beginning execution of \"us-central1-api\""}}
[debug] [2022-01-22T11:30:50.703Z] [runtime-status] [22592] triggerDefinition {"httpsTrigger":{},"name":"api","entryPoint":"api","regions":["us-central1"],"region":"us-central1","id":"us-central1-api","platform":"gcfv1"} {"metadata":{"emulator":{"name":"functions"},"function":{"name":"us-central1-api"},"message":"[runtime-status] [22592] triggerDefinition {\"httpsTrigger\":{},\"name\":\"api\",\"entryPoint\":\"api\",\"regions\":[\"us-central1\"],\"region\":\"us-central1\",\"id\":\"us-central1-api\",\"platform\":\"gcfv1\"}"}}
[debug] [2022-01-22T11:30:50.703Z] [runtime-status] [22592] Running us-central1-api in signature http {"metadata":{"emulator":{"name":"functions"},"function":{"name":"us-central1-api"},"message":"[runtime-status] [22592] Running us-central1-api in signature http"}}
[debug] [2022-01-22T11:30:50.707Z] [runtime-status] [22592] Attempting to listen to socketPath: \\?\pipe\D:\capstone\shopping-stop\functions\22592 {"metadata":{"emulator":{"name":"functions"},"function":{"name":"us-central1-api"},"message":"[runtime-status] [22592] Attempting to listen to socketPath: \\\\?\\pipe\\D:\\capstone\\shopping-stop\\functions\\22592"}}
[debug] [2022-01-22T11:30:50.710Z] [functions] Runtime ready! Sending request! {"metadata":{"emulator":{"name":"functions"},"message":"[functions] Runtime ready! Sending request!"}}
[debug] [2022-01-22T11:30:50.711Z] [functions] Got req.url=/theshopppingstop/us-central1/api/payments/create?total=149900, mapping to path=/payments/create?total=149900 {"metadata":{"emulator":{"name":"functions"},"message":"[functions] Got req.url=/theshopppingstop/us-central1/api/payments/create?total=149900, mapping to path=/payments/create?total=149900"}}
[debug] [2022-01-22T11:30:50.718Z] [runtime-status] [22592] Ephemeral server handling POST request {"metadata":{"emulator":{"name":"functions"},"function":{"name":"us-central1-api"},"message":"[runtime-status] [22592] Ephemeral server handling POST request"}}
[info] >  Payment Request Recieved BOOM!!! for this amount >>>  149900 {"user":"Payment Request Recieved BOOM!!! for this amount >>>  149900","metadata":{"emulator":{"name":"functions"},"function":{"name":"us-central1-api"},"message":"\u001b[90m> \u001b[39m Payment Request Recieved BOOM!!! for this amount >>>  149900"}}
[debug] [2022-01-22T11:30:50.851Z] [runtime-status] [22592] Ephemeral server survived. {"metadata":{"emulator":{"name":"functions"},"function":{"name":"us-central1-api"},"message":"[runtime-status] [22592] Ephemeral server survived."}}
[info] i  functions: Finished "us-central1-api" in ~1s {"metadata":{"emulator":{"name":"functions"},"function":{"name":"us-central1-api"},"message":"Finished \"us-central1-api\" in ~1s"}}
[debug] [2022-01-22T11:30:51.747Z] [worker-us-central1-api-1996ff16-d38a-4c48-86ca-13f302c45a5e]: IDLE {"metadata":{"emulator":{"name":"functions"},"message":"[worker-us-central1-api-1996ff16-d38a-4c48-86ca-13f302c45a5e]: IDLE"}}
[debug] [2022-01-22T11:30:51.747Z] [work-queue] {"queueLength":0,"workRunningCount":0}
[debug] [2022-01-22T11:31:08.126Z] [work-queue] {"queueLength":1,"workRunningCount":0}
[debug] [2022-01-22T11:31:08.126Z] [work-queue] {"queueLength":0,"workRunningCount":1}
[debug] [2022-01-22T11:31:08.127Z] Accepted request POST /theshopppingstop/us-central1/api/payments/create?total=0 --> us-central1-api
[debug] [2022-01-22T11:31:08.127Z] [worker-pool] submitWork(triggerId=us-central1-api) {"metadata":{"emulator":{"name":"functions"},"message":"[worker-pool] submitWork(triggerId=us-central1-api)"}}
[debug] [2022-01-22T11:31:08.127Z] [worker-us-central1-api-1996ff16-d38a-4c48-86ca-13f302c45a5e]: Assigning socketPath: \\?\pipe\D:\capstone\shopping-stop\functions\22592 {"metadata":{"emulator":{"name":"functions"},"message":"[worker-us-central1-api-1996ff16-d38a-4c48-86ca-13f302c45a5e]: Assigning socketPath: \\\\?\\pipe\\D:\\capstone\\shopping-stop\\functions\\22592"}}
[debug] [2022-01-22T11:31:08.127Z] [worker-us-central1-api-1996ff16-d38a-4c48-86ca-13f302c45a5e]: BUSY {"metadata":{"emulator":{"name":"functions"},"message":"[worker-us-central1-api-1996ff16-d38a-4c48-86ca-13f302c45a5e]: BUSY"}}
[debug] [2022-01-22T11:31:08.128Z] [runtime-status] [22592] Trigger "us-central1-api" has been found, beginning invocation! {"metadata":{"emulator":{"name":"functions"},"function":{"name":"us-central1-api"},"message":"[runtime-status] [22592] Trigger \"us-central1-api\" has been found, beginning invocation!"}}
[info] i  functions: Beginning execution of "us-central1-api" {"metadata":{"emulator":{"name":"functions"},"function":{"name":"us-central1-api"},"message":"Beginning execution of \"us-central1-api\""}}
[debug] [2022-01-22T11:31:08.130Z] [runtime-status] [22592] triggerDefinition {"httpsTrigger":{},"name":"api","entryPoint":"api","regions":["us-central1"],"region":"us-central1","id":"us-central1-api","platform":"gcfv1"} {"metadata":{"emulator":{"name":"functions"},"function":{"name":"us-central1-api"},"message":"[runtime-status] [22592] triggerDefinition {\"httpsTrigger\":{},\"name\":\"api\",\"entryPoint\":\"api\",\"regions\":[\"us-central1\"],\"region\":\"us-central1\",\"id\":\"us-central1-api\",\"platform\":\"gcfv1\"}"}}
[debug] [2022-01-22T11:31:08.131Z] [runtime-status] [22592] Running us-central1-api in signature http {"metadata":{"emulator":{"name":"functions"},"function":{"name":"us-central1-api"},"message":"[runtime-status] [22592] Running us-central1-api in signature http"}}
[debug] [2022-01-22T11:31:08.131Z] [runtime-status] [22592] Attempting to listen to socketPath: \\?\pipe\D:\capstone\shopping-stop\functions\22592 {"metadata":{"emulator":{"name":"functions"},"function":{"name":"us-central1-api"},"message":"[runtime-status] [22592] Attempting to listen to socketPath: \\\\?\\pipe\\D:\\capstone\\shopping-stop\\functions\\22592"}}
[debug] [2022-01-22T11:31:08.133Z] [functions] Runtime ready! Sending request! {"metadata":{"emulator":{"name":"functions"},"message":"[functions] Runtime ready! Sending request!"}}
[debug] [2022-01-22T11:31:08.134Z] [functions] Got req.url=/theshopppingstop/us-central1/api/payments/create?total=0, mapping to path=/payments/create?total=0 {"metadata":{"emulator":{"name":"functions"},"message":"[functions] Got req.url=/theshopppingstop/us-central1/api/payments/create?total=0, mapping to path=/payments/create?total=0"}}
[debug] [2022-01-22T11:31:08.139Z] [runtime-status] [22592] Ephemeral server handling POST request {"metadata":{"emulator":{"name":"functions"},"function":{"name":"us-central1-api"},"message":"[runtime-status] [22592] Ephemeral server handling POST request"}}
[info] >  Payment Request Recieved BOOM!!! for this amount >>>  0 {"user":"Payment Request Recieved BOOM!!! for this amount >>>  0","metadata":{"emulator":{"name":"functions"},"function":{"name":"us-central1-api"},"message":"\u001b[90m> \u001b[39m Payment Request Recieved BOOM!!! for this amount >>>  0"}}
[debug] [2022-01-22T11:31:08.143Z] [runtime-status] [22592] Ephemeral server survived. {"metadata":{"emulator":{"name":"functions"},"function":{"name":"us-central1-api"},"message":"[runtime-status] [22592] Ephemeral server survived."}}
[info] >  (node:22592) UnhandledPromiseRejectionWarning: Error: This value must be greater than or equal to 1. {"user":"(node:22592) UnhandledPromiseRejectionWarning: Error: This value must be greater than or equal to 1.","metadata":{"emulator":{"name":"functions"},"function":{"name":"us-central1-api"},"message":"\u001b[90m> \u001b[39m (node:22592) UnhandledPromiseRejectionWarning: Error: This value must be greater than or equal to 1."}}
[info] >      at Function.generate (D:\capstone\shopping-stop\functions\node_modules\stripe\lib\Error.js:40:16) {"user":"    at Function.generate (D:\\capstone\\shopping-stop\\functions\\node_modules\\stripe\\lib\\Error.js:40:16)","metadata":{"emulator":{"name":"functions"},"function":{"name":"us-central1-api"},"message":"\u001b[90m> \u001b[39m     at Function.generate (D:\\capstone\\shopping-stop\\functions\\node_modules\\stripe\\lib\\Error.js:40:16)"}}
[info] >      at res.toJSON.then.StripeAPIError.message (D:\capstone\shopping-stop\functions\node_modules\stripe\lib\StripeResource.js:220:35) {"user":"    at res.toJSON.then.StripeAPIError.message (D:\\capstone\\shopping-stop\\functions\\node_modules\\stripe\\lib\\StripeResource.js:220:35)","metadata":{"emulator":{"name":"functions"},"function":{"name":"us-central1-api"},"message":"\u001b[90m> \u001b[39m     at res.toJSON.then.StripeAPIError.message (D:\\capstone\\shopping-stop\\functions\\node_modules\\stripe\\lib\\StripeResource.js:220:35)"}}
[info] >      at processTicksAndRejections (internal/process/task_queues.js:95:5) {"user":"    at processTicksAndRejections (internal/process/task_queues.js:95:5)","metadata":{"emulator":{"name":"functions"},"function":{"name":"us-central1-api"},"message":"\u001b[90m> \u001b[39m     at processTicksAndRejections (internal/process/task_queues.js:95:5)"}}
[info] >  (Use `node --trace-warnings ...` to show where the warning was created) {"user":"(Use `node --trace-warnings ...` to show where the warning was created)","metadata":{"emulator":{"name":"functions"},"function":{"name":"us-central1-api"},"message":"\u001b[90m> \u001b[39m (Use `node --trace-warnings ...` to show where the warning was created)"}}
[info] >  (node:22592) UnhandledPromiseRejectionWarning: Unhandled promise rejection. This error originated either by throwing inside of an async function without a catch block, or by rejecting a promise which was not handled with .catch(). To terminate the node process on unhandled promise rejection, use the CLI flag `--unhandled-rejections=strict` (see https://nodejs.org/api/cli.html#cli_unhandled_rejections_mode). (rejection id: 1) {"user":"(node:22592) UnhandledPromiseRejectionWarning: Unhandled promise rejection. This error originated either by throwing inside of an async function without a catch block, or by rejecting a promise which was not handled with .catch(). To terminate the node process on unhandled promise rejection, use the CLI flag `--unhandled-rejections=strict` (see https://nodejs.org/api/cli.html#cli_unhandled_rejections_mode). (rejection id: 1)","metadata":{"emulator":{"name":"functions"},"function":{"name":"us-central1-api"},"message":"\u001b[90m> \u001b[39m (node:22592) UnhandledPromiseRejectionWarning: Unhandled promise rejection. This error originated either by throwing inside of an async function without a catch block, or by rejecting a promise which was not handled with .catch(). To terminate the node process on unhandled promise rejection, use the CLI flag `--unhandled-rejections=strict` (see https://nodejs.org/api/cli.html#cli_unhandled_rejections_mode). (rejection id: 1)"}}
[info] >  (node:22592) [DEP0018] DeprecationWarning: Unhandled promise rejections are deprecated. In the future, promise rejections that are not handled will terminate the Node.js process with a non-zero exit code. {"user":"(node:22592) [DEP0018] DeprecationWarning: Unhandled promise rejections are deprecated. In the future, promise rejections that are not handled will terminate the Node.js process with a non-zero exit code.","metadata":{"emulator":{"name":"functions"},"function":{"name":"us-central1-api"},"message":"\u001b[90m> \u001b[39m (node:22592) [DEP0018] DeprecationWarning: Unhandled promise rejections are deprecated. In the future, promise rejections that are not handled will terminate the Node.js process with a non-zero exit code."}}
[warn] !  functions: Your function timed out after ~60s. To configure this timeout, see
      https://firebase.google.com/docs/functions/manage-functions#set_timeout_and_memory_allocation. {"metadata":{"emulator":{"name":"functions"},"function":{"name":"us-central1-api"},"message":"Your function timed out after ~60s. To configure this timeout, see\n      https://firebase.google.com/docs/functions/manage-functions#set_timeout_and_memory_allocation."}}
[info] >  C:\Users\HASTI\AppData\Roaming\npm\node_modules\firebase-tools\lib\emulator\functionsEmulatorRuntime.js:618 {"user":"C:\\Users\\HASTI\\AppData\\Roaming\\npm\\node_modules\\firebase-tools\\lib\\emulator\\functionsEmulatorRuntime.js:618\r","metadata":{"emulator":{"name":"functions"},"function":{"name":"us-central1-api"},"message":"\u001b[90m> \u001b[39m C:\\Users\\HASTI\\AppData\\Roaming\\npm\\node_modules\\firebase-tools\\lib\\emulator\\functionsEmulatorRuntime.js:618\r"}}
[info] >              throw new Error("Function timed out."); {"user":"            throw new Error(\"Function timed out.\");\r","metadata":{"emulator":{"name":"functions"},"function":{"name":"us-central1-api"},"message":"\u001b[90m> \u001b[39m             throw new Error(\"Function timed out.\");\r"}}
[info] >              ^ {"user":"            ^\r","metadata":{"emulator":{"name":"functions"},"function":{"name":"us-central1-api"},"message":"\u001b[90m> \u001b[39m             ^\r"}}
[info] >   {"user":"\r","metadata":{"emulator":{"name":"functions"},"function":{"name":"us-central1-api"},"message":"\u001b[90m> \u001b[39m \r"}}
[info] >  Error: Function timed out. {"user":"Error: Function timed out.\r","metadata":{"emulator":{"name":"functions"},"function":{"name":"us-central1-api"},"message":"\u001b[90m> \u001b[39m Error: Function timed out.\r"}}
[info] >      at Timeout._onTimeout (C:\Users\HASTI\AppData\Roaming\npm\node_modules\firebase-tools\lib\emulator\functionsEmulatorRuntime.js:618:19) {"user":"    at Timeout._onTimeout (C:\\Users\\HASTI\\AppData\\Roaming\\npm\\node_modules\\firebase-tools\\lib\\emulator\\functionsEmulatorRuntime.js:618:19)\r","metadata":{"emulator":{"name":"functions"},"function":{"name":"us-central1-api"},"message":"\u001b[90m> \u001b[39m     at Timeout._onTimeout (C:\\Users\\HASTI\\AppData\\Roaming\\npm\\node_modules\\firebase-tools\\lib\\emulator\\functionsEmulatorRuntime.js:618:19)\r"}}
[info] >      at listOnTimeout (internal/timers.js:555:17) {"user":"    at listOnTimeout (internal/timers.js:555:17)\r","metadata":{"emulator":{"name":"functions"},"function":{"name":"us-central1-api"},"message":"\u001b[90m> \u001b[39m     at listOnTimeout (internal/timers.js:555:17)\r"}}
[info] >      at processTimers (internal/timers.js:498:7) {"user":"    at processTimers (internal/timers.js:498:7)\r","metadata":{"emulator":{"name":"functions"},"function":{"name":"us-central1-api"},"message":"\u001b[90m> \u001b[39m     at processTimers (internal/timers.js:498:7)\r"}}
[debug] [2022-01-22T11:32:08.258Z] [worker-us-central1-api-1996ff16-d38a-4c48-86ca-13f302c45a5e]: exited {"metadata":{"emulator":{"name":"functions"},"message":"[worker-us-central1-api-1996ff16-d38a-4c48-86ca-13f302c45a5e]: exited"}}
[debug] [2022-01-22T11:32:08.258Z] [worker-us-central1-api-1996ff16-d38a-4c48-86ca-13f302c45a5e]: FINISHED {"metadata":{"emulator":{"name":"functions"},"message":"[worker-us-central1-api-1996ff16-d38a-4c48-86ca-13f302c45a5e]: FINISHED"}}
[debug] [2022-01-22T11:32:08.258Z] [work-queue] {"queueLength":0,"workRunningCount":0}
[debug] [2022-01-22T11:44:37.684Z] [worker-~diagnostic~-ec47b638-3671-421e-8af2-dd680e73912b]: exited {"metadata":{"emulator":{"name":"functions"},"message":"[worker-~diagnostic~-ec47b638-3671-421e-8af2-dd680e73912b]: exited"}}
